<?xml version="1.0" encoding="UTF-8"?>
<!-- Generated by org.testng.reporters.JUnitXMLReporter -->
<testsuite ignored="0" hostname="DESKTOP-7QU5CGR" failures="0" tests="4" name="Test-1" time="155.605" errors="0" timestamp="03 May 2024 10:42:31 GMT">
  <testcase classname="com.comcast.crm.orgaAllTest.CreateOrganizationTest" name="CreateOrganizationWithIndustryTest" time="25.792"/>
  <testcase classname="com.comcast.crm.orgaAllTest.CreateOrganizationTest" name="CreateOrganizationWithPhoneNumberTest" time="20.999"/>
  <testcase classname="com.comcast.crm.orgaAllTest.CreateOrganizationTest" name="CreateOrgganizationTest" time="22.019"/>
  <testcase classname="com.comcast.crm.orgaAllTest.CreateOrganizationTest" name="DeleteOrgnization" time="24.399"/>
</testsuite> <!-- Test-1 -->
