<?xml version="1.0" encoding="UTF-8"?>
<!-- Generated by org.testng.reporters.JUnitXMLReporter -->
<testsuite ignored="0" hostname="DESKTOP-7QU5CGR" failures="0" tests="3" name="Test-2" time="137.326" errors="0" timestamp="03 May 2024 10:42:13 GMT">
  <testcase classname="com.comcast.crm.contactAllTest.CreateContactTest" name="CreateConatctTest" time="26.615"/>
  <testcase classname="com.comcast.crm.contactAllTest.CreateContactTest" name="createContactWithOrgTest" time="37.887"/>
  <testcase classname="com.comcast.crm.contactAllTest.CreateContactTest" name="createContactWithSupportDateTest" time="18.273"/>
</testsuite> <!-- Test-2 -->
