<?xml version="1.0" encoding="UTF-8"?>
<!-- Generated by org.testng.reporters.JUnitReportReporter -->
<testsuite hostname="DESKTOP-7QU5CGR" failures="0" tests="2" name="com.crm.comcast.contacttest.CreatContactTest" time="0.019" errors="0" timestamp="02 May 2024 04:50:45 GMT" skipped="0">
  <testcase classname="com.crm.comcast.contacttest.CreatContactTest" name="createContactTest" time="0.016"/>
  <testcase classname="com.crm.comcast.contacttest.CreatContactTest" name="createContactWithDate" time="0.003"/>
</testsuite> <!-- com.crm.comcast.contacttest.CreatContactTest -->
