<?xml version="1.0" encoding="UTF-8"?>
<!-- Generated by org.testng.reporters.JUnitReportReporter -->
<testsuite hostname="DESKTOP-7QU5CGR" failures="0" tests="1" name="PracticeTest.GetProductInfoTestAmaz" time="23.831" errors="0" timestamp="01 May 2024 04:47:39 GMT" skipped="0">
  <testcase classname="PracticeTest.GetProductInfoTestAmaz" name="getProductInfo" time="23.831"/>
</testsuite> <!-- PracticeTest.GetProductInfoTestAmaz -->
