<?xml version="1.0" encoding="UTF-8"?>
<!-- Generated by org.testng.reporters.JUnitReportReporter -->
<testsuite hostname="DESKTOP-7QU5CGR" failures="0" tests="2" name="com.pack1_undersrand_config.CreateContactTest" time="0.014" errors="0" timestamp="01 May 2024 09:46:18 GMT" skipped="0">
  <testcase classname="com.pack1_undersrand_config.CreateContactTest" name="createContactDate" time="0.004"/>
  <testcase classname="com.pack1_undersrand_config.CreateContactTest" name="createContact" time="0.010"/>
</testsuite> <!-- com.pack1_undersrand_config.CreateContactTest -->
