<?xml version="1.0" encoding="UTF-8"?>
<!-- Generated by org.testng.reporters.JUnitReportReporter -->
<testsuite hostname="DESKTOP-7QU5CGR" failures="0" tests="3" name="practiceTestng.CreateContactTestDataProvider_Test" time="0.023" errors="0" timestamp="30 Apr 2024 12:19:42 GMT" skipped="0">
  <testcase classname="practiceTestng.CreateContactTestDataProvider_Test" name="createContactTest" time="0.003"/>
  <testcase classname="practiceTestng.CreateContactTestDataProvider_Test" name="createContactTest" time="0.002"/>
  <testcase classname="practiceTestng.CreateContactTestDataProvider_Test" name="createContactTest" time="0.018"/>
</testsuite> <!-- practiceTestng.CreateContactTestDataProvider_Test -->
