<?xml version="1.0" encoding="UTF-8"?>
<!-- Generated by org.testng.reporters.JUnitReportReporter -->
<testsuite hostname="DESKTOP-7QU5CGR" failures="0" tests="3" name="PracticeTest.GetProductInfoTestAmaz_2" time="77.756" errors="0" timestamp="01 May 2024 05:10:01 GMT" skipped="0">
  <testcase classname="PracticeTest.GetProductInfoTestAmaz_2" name="getProductInfo" time="27.556"/>
  <testcase classname="PracticeTest.GetProductInfoTestAmaz_2" name="getProductInfo" time="28.184"/>
  <testcase classname="PracticeTest.GetProductInfoTestAmaz_2" name="getProductInfo" time="22.016"/>
</testsuite> <!-- PracticeTest.GetProductInfoTestAmaz_2 -->
