<?xml version="1.0" encoding="UTF-8"?>
<!-- Generated by org.testng.reporters.JUnitReportReporter -->
<testsuite hostname="DESKTOP-7QU5CGR" failures="0" tests="1" name="com.comcast.crm.orgaAllTest.CreateOrganizationTest" time="82.877" errors="0" timestamp="10 May 2024 07:55:17 GMT" skipped="0">
  <testcase classname="com.comcast.crm.orgaAllTest.CreateOrganizationTest" name="CreateOrgganizationTest" time="82.877"/>
</testsuite> <!-- com.comcast.crm.orgaAllTest.CreateOrganizationTest -->
