<?xml version="1.0" encoding="UTF-8"?>
<!-- Generated by org.testng.reporters.JUnitReportReporter -->
<testsuite hostname="DESKTOP-7QU5CGR" failures="0" tests="1" name="practice.pom.repository.SampleTestWithPom" time="27.737" errors="0" timestamp="26 Apr 2024 04:30:13 GMT" skipped="0">
  <testcase classname="practice.pom.repository.SampleTestWithPom" name="sampleTest" time="27.737"/>
</testsuite> <!-- practice.pom.repository.SampleTestWithPom -->
