<?xml version="1.0" encoding="UTF-8"?>
<!-- Generated by org.testng.reporters.JUnitReportReporter -->
<testsuite hostname="DESKTOP-7QU5CGR" failures="0" tests="1" name="com.comcast.crm.contacttest.CreateContactTest" time="96.566" errors="0" timestamp="09 May 2024 06:17:33 GMT" skipped="0">
  <testcase classname="com.comcast.crm.contacttest.CreateContactTest" name="test" time="96.566"/>
</testsuite> <!-- com.comcast.crm.contacttest.CreateContactTest -->
