<?xml version="1.0" encoding="UTF-8"?>
<!-- Generated by org.testng.reporters.JUnitReportReporter -->
<testsuite hostname="DESKTOP-7QU5CGR" failures="0" tests="3" name="PracticeTest.GetProductInfoTestAmaz_hardcoded" time="77.757" errors="0" timestamp="01 May 2024 05:24:56 GMT" skipped="0">
  <testcase classname="PracticeTest.GetProductInfoTestAmaz_hardcoded" name="getProductInfo" time="21.330"/>
  <testcase classname="PracticeTest.GetProductInfoTestAmaz_hardcoded" name="getProductInfo" time="20.121"/>
  <testcase classname="PracticeTest.GetProductInfoTestAmaz_hardcoded" name="getProductInfo" time="36.306"/>
</testsuite> <!-- PracticeTest.GetProductInfoTestAmaz_hardcoded -->
