<?xml version="1.0" encoding="UTF-8"?>
<!-- Generated by org.testng.reporters.JUnitReportReporter -->
<testsuite hostname="DESKTOP-7QU5CGR" failures="0" tests="1" name="com.comcast.crm.contacttest.CreateContactWithOrgTest" time="43.810" errors="0" timestamp="02 May 2024 09:02:49 GMT" skipped="0">
  <testcase classname="com.comcast.crm.contacttest.CreateContactWithOrgTest" name="createContactWithOrgTest" time="43.810"/>
</testsuite> <!-- com.comcast.crm.contacttest.CreateContactWithOrgTest -->
