<?xml version="1.0" encoding="UTF-8"?>
<!-- Generated by org.testng.reporters.JUnitReportReporter -->
<testsuite hostname="DESKTOP-7QU5CGR" failures="0" tests="3" name="com.comcast.crm.contactAllTest.CreateContactTest" time="181.382" errors="0" timestamp="17 May 2024 10:30:17 GMT" skipped="0">
  <testcase classname="com.comcast.crm.contactAllTest.CreateContactTest" name="createContactWithSupportDateTest" time="27.167"/>
  <testcase classname="com.comcast.crm.contactAllTest.CreateContactTest" name="CreateConatctTest" time="105.665"/>
  <testcase classname="com.comcast.crm.contactAllTest.CreateContactTest" name="createContactWithOrgTest" time="48.550"/>
</testsuite> <!-- com.comcast.crm.contactAllTest.CreateContactTest -->
